<?xml version="1.0" encoding="UTF-8"?>
<!-- Generated by org.testng.reporters.JUnitXMLReporter -->
<testsuite ignored="0" hostname="PC2105" failures="0" tests="7" name="Default test" time="9.813" errors="0" timestamp="2024-09-04T15:47:51 IST">
  <testcase classname="com.page.test.LoginPageTest" name="verifyLoginPageOpened" time="1.464"/>
  <testcase classname="com.page.test.LoginPageTest" name="verifyUsernameTextboxDisplayed" time="1.401"/>
  <testcase classname="com.page.test.LoginPageTest" name="verifyPasswordTextboxDisplayed" time="1.409"/>
  <testcase classname="com.page.test.LoginPageTest" name="verifyLoginButtonIsDisplayed" time="1.411"/>
  <testcase classname="com.page.test.LoginPageTest" name="verifyLoginButtonEnabled" time="1.387"/>
  <testcase classname="com.page.test.LoginPageTest" name="verifyUsernameTextboxEmptyDefault" time="1.357"/>
  <testcase classname="com.page.test.LoginPageTest" name="verifyPasswordTextboxEmptyDefault" time="1.335"/>
</testsuite> <!-- Default test -->
